CRITICAL - 2021-05-29 06:14:38 --> Cannot use empty array elements in arrays
#0 [internal function]: CodeIgniter\Debug\Exceptions->shutdownHandler()
#1 {main}
CRITICAL - 2021-05-29 06:15:09 --> Call to a member function getFlashdata() on null
#0 C:\xampp\htdocs\AcaaraAdmin\system\CodeIgniter.php(931): App\Controllers\Admin->index()
#1 C:\xampp\htdocs\AcaaraAdmin\system\CodeIgniter.php(439): CodeIgniter\CodeIgniter->runController(Object(App\Controllers\Admin))
#2 C:\xampp\htdocs\AcaaraAdmin\system\CodeIgniter.php(339): CodeIgniter\CodeIgniter->handleRequest(NULL, Object(Config\Cache), false)
#3 C:\xampp\htdocs\AcaaraAdmin\index.php(36): CodeIgniter\CodeIgniter->run()
#4 {main}
CRITICAL - 2021-05-29 06:34:50 --> Invalid file: Layout/_Layout.php
#0 C:\xampp\htdocs\AcaaraAdmin\system\View\View.php(213): CodeIgniter\Exceptions\FrameworkException::forInvalidFile('Layout/_Layout....')
#1 C:\xampp\htdocs\AcaaraAdmin\system\View\View.php(246): CodeIgniter\View\View->render('Layout/_Layout', Array, true)
#2 C:\xampp\htdocs\AcaaraAdmin\system\Common.php(1250): CodeIgniter\View\View->render('Admin/Index', Array, true)
#3 C:\xampp\htdocs\AcaaraAdmin\app\Controllers\Admin.php(49): view('Admin/Index', Array)
#4 C:\xampp\htdocs\AcaaraAdmin\system\CodeIgniter.php(931): App\Controllers\Admin->index()
#5 C:\xampp\htdocs\AcaaraAdmin\system\CodeIgniter.php(439): CodeIgniter\CodeIgniter->runController(Object(App\Controllers\Admin))
#6 C:\xampp\htdocs\AcaaraAdmin\system\CodeIgniter.php(339): CodeIgniter\CodeIgniter->handleRequest(NULL, Object(Config\Cache), false)
#7 C:\xampp\htdocs\AcaaraAdmin\index.php(36): CodeIgniter\CodeIgniter->run()
#8 {main}
CRITICAL - 2021-05-29 06:46:24 --> Undefined variable: Karyawan
#0 C:\xampp\htdocs\AcaaraAdmin\app\Views\Admin\Index.php(36): CodeIgniter\Debug\Exceptions->errorHandler(8, 'Undefined varia...', 'C:\\xampp\\htdocs...', 36, Array)
#1 C:\xampp\htdocs\AcaaraAdmin\system\View\View.php(230): include('C:\\xampp\\htdocs...')
#2 C:\xampp\htdocs\AcaaraAdmin\system\View\View.php(232): CodeIgniter\View\View->CodeIgniter\View\{closure}()
#3 C:\xampp\htdocs\AcaaraAdmin\system\Common.php(1250): CodeIgniter\View\View->render('Admin/Index', Array, true)
#4 C:\xampp\htdocs\AcaaraAdmin\app\Controllers\Admin.php(49): view('Admin/Index', Array)
#5 C:\xampp\htdocs\AcaaraAdmin\system\CodeIgniter.php(931): App\Controllers\Admin->index()
#6 C:\xampp\htdocs\AcaaraAdmin\system\CodeIgniter.php(439): CodeIgniter\CodeIgniter->runController(Object(App\Controllers\Admin))
#7 C:\xampp\htdocs\AcaaraAdmin\system\CodeIgniter.php(339): CodeIgniter\CodeIgniter->handleRequest(NULL, Object(Config\Cache), false)
#8 C:\xampp\htdocs\AcaaraAdmin\index.php(36): CodeIgniter\CodeIgniter->run()
#9 {main}
CRITICAL - 2021-05-29 06:49:39 --> Undefined index: jenis_kelamin
#0 C:\xampp\htdocs\AcaaraAdmin\app\Views\Admin\Index.php(40): CodeIgniter\Debug\Exceptions->errorHandler(8, 'Undefined index...', 'C:\\xampp\\htdocs...', 40, Array)
#1 C:\xampp\htdocs\AcaaraAdmin\system\View\View.php(230): include('C:\\xampp\\htdocs...')
#2 C:\xampp\htdocs\AcaaraAdmin\system\View\View.php(232): CodeIgniter\View\View->CodeIgniter\View\{closure}()
#3 C:\xampp\htdocs\AcaaraAdmin\system\Common.php(1250): CodeIgniter\View\View->render('Admin/Index', Array, true)
#4 C:\xampp\htdocs\AcaaraAdmin\app\Controllers\Admin.php(49): view('Admin/Index', Array)
#5 C:\xampp\htdocs\AcaaraAdmin\system\CodeIgniter.php(931): App\Controllers\Admin->index()
#6 C:\xampp\htdocs\AcaaraAdmin\system\CodeIgniter.php(439): CodeIgniter\CodeIgniter->runController(Object(App\Controllers\Admin))
#7 C:\xampp\htdocs\AcaaraAdmin\system\CodeIgniter.php(339): CodeIgniter\CodeIgniter->handleRequest(NULL, Object(Config\Cache), false)
#8 C:\xampp\htdocs\AcaaraAdmin\index.php(36): CodeIgniter\CodeIgniter->run()
#9 {main}
CRITICAL - 2021-05-29 06:50:22 --> Undefined index: email
#0 C:\xampp\htdocs\AcaaraAdmin\app\Views\Admin\Index.php(40): CodeIgniter\Debug\Exceptions->errorHandler(8, 'Undefined index...', 'C:\\xampp\\htdocs...', 40, Array)
#1 C:\xampp\htdocs\AcaaraAdmin\system\View\View.php(230): include('C:\\xampp\\htdocs...')
#2 C:\xampp\htdocs\AcaaraAdmin\system\View\View.php(232): CodeIgniter\View\View->CodeIgniter\View\{closure}()
#3 C:\xampp\htdocs\AcaaraAdmin\system\Common.php(1250): CodeIgniter\View\View->render('Admin/Index', Array, true)
#4 C:\xampp\htdocs\AcaaraAdmin\app\Controllers\Admin.php(49): view('Admin/Index', Array)
#5 C:\xampp\htdocs\AcaaraAdmin\system\CodeIgniter.php(931): App\Controllers\Admin->index()
#6 C:\xampp\htdocs\AcaaraAdmin\system\CodeIgniter.php(439): CodeIgniter\CodeIgniter->runController(Object(App\Controllers\Admin))
#7 C:\xampp\htdocs\AcaaraAdmin\system\CodeIgniter.php(339): CodeIgniter\CodeIgniter->handleRequest(NULL, Object(Config\Cache), false)
#8 C:\xampp\htdocs\AcaaraAdmin\index.php(36): CodeIgniter\CodeIgniter->run()
#9 {main}
CRITICAL - 2021-05-29 06:59:00 --> Invalid file: Admin/CreateAdmin.php
#0 C:\xampp\htdocs\AcaaraAdmin\system\View\View.php(213): CodeIgniter\Exceptions\FrameworkException::forInvalidFile('Admin/CreateAdm...')
#1 C:\xampp\htdocs\AcaaraAdmin\system\Common.php(1250): CodeIgniter\View\View->render('Admin/CreateAdm...', Array, true)
#2 C:\xampp\htdocs\AcaaraAdmin\app\Controllers\Admin.php(83): view('Admin/CreateAdm...', Array)
#3 C:\xampp\htdocs\AcaaraAdmin\system\CodeIgniter.php(931): App\Controllers\Admin->create()
#4 C:\xampp\htdocs\AcaaraAdmin\system\CodeIgniter.php(439): CodeIgniter\CodeIgniter->runController(Object(App\Controllers\Admin))
#5 C:\xampp\htdocs\AcaaraAdmin\system\CodeIgniter.php(339): CodeIgniter\CodeIgniter->handleRequest(NULL, Object(Config\Cache), false)
#6 C:\xampp\htdocs\AcaaraAdmin\index.php(36): CodeIgniter\CodeIgniter->run()
#7 {main}
CRITICAL - 2021-05-29 12:58:47 --> Undefined index: email
#0 C:\xampp\htdocs\AcaaraAdmin\app\Views\Admin\Edit.php(21): CodeIgniter\Debug\Exceptions->errorHandler(8, 'Undefined index...', 'C:\\xampp\\htdocs...', 21, Array)
#1 C:\xampp\htdocs\AcaaraAdmin\system\View\View.php(230): include('C:\\xampp\\htdocs...')
#2 C:\xampp\htdocs\AcaaraAdmin\system\View\View.php(232): CodeIgniter\View\View->CodeIgniter\View\{closure}()
#3 C:\xampp\htdocs\AcaaraAdmin\system\Common.php(1250): CodeIgniter\View\View->render('Admin/Edit', Array, true)
#4 C:\xampp\htdocs\AcaaraAdmin\app\Controllers\Admin.php(155): view('Admin/Edit', Array)
#5 C:\xampp\htdocs\AcaaraAdmin\system\CodeIgniter.php(931): App\Controllers\Admin->Ubah('2')
#6 C:\xampp\htdocs\AcaaraAdmin\system\CodeIgniter.php(439): CodeIgniter\CodeIgniter->runController(Object(App\Controllers\Admin))
#7 C:\xampp\htdocs\AcaaraAdmin\system\CodeIgniter.php(339): CodeIgniter\CodeIgniter->handleRequest(NULL, Object(Config\Cache), false)
#8 C:\xampp\htdocs\AcaaraAdmin\index.php(36): CodeIgniter\CodeIgniter->run()
#9 {main}
CRITICAL - 2021-05-29 12:59:20 --> Trying to access array offset on value of type null
#0 C:\xampp\htdocs\AcaaraAdmin\app\Views\Admin\Edit.php(12): CodeIgniter\Debug\Exceptions->errorHandler(8, 'Trying to acces...', 'C:\\xampp\\htdocs...', 12, Array)
#1 C:\xampp\htdocs\AcaaraAdmin\system\View\View.php(230): include('C:\\xampp\\htdocs...')
#2 C:\xampp\htdocs\AcaaraAdmin\system\View\View.php(232): CodeIgniter\View\View->CodeIgniter\View\{closure}()
#3 C:\xampp\htdocs\AcaaraAdmin\system\Common.php(1250): CodeIgniter\View\View->render('Admin/Edit', Array, true)
#4 C:\xampp\htdocs\AcaaraAdmin\app\Controllers\Admin.php(155): view('Admin/Edit', Array)
#5 C:\xampp\htdocs\AcaaraAdmin\system\CodeIgniter.php(931): App\Controllers\Admin->Ubah('images', 'logo_white.png')
#6 C:\xampp\htdocs\AcaaraAdmin\system\CodeIgniter.php(439): CodeIgniter\CodeIgniter->runController(Object(App\Controllers\Admin))
#7 C:\xampp\htdocs\AcaaraAdmin\system\CodeIgniter.php(339): CodeIgniter\CodeIgniter->handleRequest(NULL, Object(Config\Cache), false)
#8 C:\xampp\htdocs\AcaaraAdmin\index.php(36): CodeIgniter\CodeIgniter->run()
#9 {main}
CRITICAL - 2021-05-29 13:00:03 --> Trying to access array offset on value of type null
#0 C:\xampp\htdocs\AcaaraAdmin\app\Views\Admin\Edit.php(12): CodeIgniter\Debug\Exceptions->errorHandler(8, 'Trying to acces...', 'C:\\xampp\\htdocs...', 12, Array)
#1 C:\xampp\htdocs\AcaaraAdmin\system\View\View.php(230): include('C:\\xampp\\htdocs...')
#2 C:\xampp\htdocs\AcaaraAdmin\system\View\View.php(232): CodeIgniter\View\View->CodeIgniter\View\{closure}()
#3 C:\xampp\htdocs\AcaaraAdmin\system\Common.php(1250): CodeIgniter\View\View->render('Admin/Edit', Array, true)
#4 C:\xampp\htdocs\AcaaraAdmin\app\Controllers\Admin.php(155): view('Admin/Edit', Array)
#5 C:\xampp\htdocs\AcaaraAdmin\system\CodeIgniter.php(931): App\Controllers\Admin->Ubah('update', '2')
#6 C:\xampp\htdocs\AcaaraAdmin\system\CodeIgniter.php(439): CodeIgniter\CodeIgniter->runController(Object(App\Controllers\Admin))
#7 C:\xampp\htdocs\AcaaraAdmin\system\CodeIgniter.php(339): CodeIgniter\CodeIgniter->handleRequest(NULL, Object(Config\Cache), false)
#8 C:\xampp\htdocs\AcaaraAdmin\index.php(36): CodeIgniter\CodeIgniter->run()
#9 {main}
CRITICAL - 2021-05-29 13:01:02 --> Trying to access array offset on value of type null
#0 C:\xampp\htdocs\AcaaraAdmin\app\Views\Admin\Edit.php(12): CodeIgniter\Debug\Exceptions->errorHandler(8, 'Trying to acces...', 'C:\\xampp\\htdocs...', 12, Array)
#1 C:\xampp\htdocs\AcaaraAdmin\system\View\View.php(230): include('C:\\xampp\\htdocs...')
#2 C:\xampp\htdocs\AcaaraAdmin\system\View\View.php(232): CodeIgniter\View\View->CodeIgniter\View\{closure}()
#3 C:\xampp\htdocs\AcaaraAdmin\system\Common.php(1250): CodeIgniter\View\View->render('Admin/Edit', Array, true)
#4 C:\xampp\htdocs\AcaaraAdmin\app\Controllers\Admin.php(156): view('Admin/Edit', Array)
#5 C:\xampp\htdocs\AcaaraAdmin\system\CodeIgniter.php(931): App\Controllers\Admin->Ubah('images', 'logo_white.png')
#6 C:\xampp\htdocs\AcaaraAdmin\system\CodeIgniter.php(439): CodeIgniter\CodeIgniter->runController(Object(App\Controllers\Admin))
#7 C:\xampp\htdocs\AcaaraAdmin\system\CodeIgniter.php(339): CodeIgniter\CodeIgniter->handleRequest(NULL, Object(Config\Cache), false)
#8 C:\xampp\htdocs\AcaaraAdmin\index.php(36): CodeIgniter\CodeIgniter->run()
#9 {main}
CRITICAL - 2021-05-29 13:01:53 --> Trying to access array offset on value of type null
#0 C:\xampp\htdocs\AcaaraAdmin\app\Views\Admin\Edit.php(12): CodeIgniter\Debug\Exceptions->errorHandler(8, 'Trying to acces...', 'C:\\xampp\\htdocs...', 12, Array)
#1 C:\xampp\htdocs\AcaaraAdmin\system\View\View.php(230): include('C:\\xampp\\htdocs...')
#2 C:\xampp\htdocs\AcaaraAdmin\system\View\View.php(232): CodeIgniter\View\View->CodeIgniter\View\{closure}()
#3 C:\xampp\htdocs\AcaaraAdmin\system\Common.php(1250): CodeIgniter\View\View->render('Admin/Edit', Array, true)
#4 C:\xampp\htdocs\AcaaraAdmin\app\Controllers\Admin.php(156): view('Admin/Edit', Array)
#5 C:\xampp\htdocs\AcaaraAdmin\system\CodeIgniter.php(931): App\Controllers\Admin->Ubah('update', '2')
#6 C:\xampp\htdocs\AcaaraAdmin\system\CodeIgniter.php(439): CodeIgniter\CodeIgniter->runController(Object(App\Controllers\Admin))
#7 C:\xampp\htdocs\AcaaraAdmin\system\CodeIgniter.php(339): CodeIgniter\CodeIgniter->handleRequest(NULL, Object(Config\Cache), false)
#8 C:\xampp\htdocs\AcaaraAdmin\index.php(36): CodeIgniter\CodeIgniter->run()
#9 {main}
CRITICAL - 2021-05-29 13:02:17 --> Trying to access array offset on value of type null
#0 C:\xampp\htdocs\AcaaraAdmin\app\Views\Admin\Edit.php(12): CodeIgniter\Debug\Exceptions->errorHandler(8, 'Trying to acces...', 'C:\\xampp\\htdocs...', 12, Array)
#1 C:\xampp\htdocs\AcaaraAdmin\system\View\View.php(230): include('C:\\xampp\\htdocs...')
#2 C:\xampp\htdocs\AcaaraAdmin\system\View\View.php(232): CodeIgniter\View\View->CodeIgniter\View\{closure}()
#3 C:\xampp\htdocs\AcaaraAdmin\system\Common.php(1250): CodeIgniter\View\View->render('Admin/Edit', Array, true)
#4 C:\xampp\htdocs\AcaaraAdmin\app\Controllers\Admin.php(156): view('Admin/Edit', Array)
#5 C:\xampp\htdocs\AcaaraAdmin\system\CodeIgniter.php(931): App\Controllers\Admin->Ubah('update', '2')
#6 C:\xampp\htdocs\AcaaraAdmin\system\CodeIgniter.php(439): CodeIgniter\CodeIgniter->runController(Object(App\Controllers\Admin))
#7 C:\xampp\htdocs\AcaaraAdmin\system\CodeIgniter.php(339): CodeIgniter\CodeIgniter->handleRequest(NULL, Object(Config\Cache), false)
#8 C:\xampp\htdocs\AcaaraAdmin\index.php(36): CodeIgniter\CodeIgniter->run()
#9 {main}
CRITICAL - 2021-05-29 13:03:02 --> Trying to access array offset on value of type null
#0 C:\xampp\htdocs\AcaaraAdmin\app\Views\Admin\Edit.php(12): CodeIgniter\Debug\Exceptions->errorHandler(8, 'Trying to acces...', 'C:\\xampp\\htdocs...', 12, Array)
#1 C:\xampp\htdocs\AcaaraAdmin\system\View\View.php(230): include('C:\\xampp\\htdocs...')
#2 C:\xampp\htdocs\AcaaraAdmin\system\View\View.php(232): CodeIgniter\View\View->CodeIgniter\View\{closure}()
#3 C:\xampp\htdocs\AcaaraAdmin\system\Common.php(1250): CodeIgniter\View\View->render('Admin/Edit', Array, true)
#4 C:\xampp\htdocs\AcaaraAdmin\app\Controllers\Admin.php(156): view('Admin/Edit', Array)
#5 C:\xampp\htdocs\AcaaraAdmin\system\CodeIgniter.php(931): App\Controllers\Admin->Ubah('images', 'logo_white.png')
#6 C:\xampp\htdocs\AcaaraAdmin\system\CodeIgniter.php(439): CodeIgniter\CodeIgniter->runController(Object(App\Controllers\Admin))
#7 C:\xampp\htdocs\AcaaraAdmin\system\CodeIgniter.php(339): CodeIgniter\CodeIgniter->handleRequest(NULL, Object(Config\Cache), false)
#8 C:\xampp\htdocs\AcaaraAdmin\index.php(36): CodeIgniter\CodeIgniter->run()
#9 {main}
CRITICAL - 2021-05-29 13:03:17 --> Trying to access array offset on value of type null
#0 C:\xampp\htdocs\AcaaraAdmin\app\Views\Admin\Edit.php(12): CodeIgniter\Debug\Exceptions->errorHandler(8, 'Trying to acces...', 'C:\\xampp\\htdocs...', 12, Array)
#1 C:\xampp\htdocs\AcaaraAdmin\system\View\View.php(230): include('C:\\xampp\\htdocs...')
#2 C:\xampp\htdocs\AcaaraAdmin\system\View\View.php(232): CodeIgniter\View\View->CodeIgniter\View\{closure}()
#3 C:\xampp\htdocs\AcaaraAdmin\system\Common.php(1250): CodeIgniter\View\View->render('Admin/Edit', Array, true)
#4 C:\xampp\htdocs\AcaaraAdmin\app\Controllers\Admin.php(156): view('Admin/Edit', Array)
#5 C:\xampp\htdocs\AcaaraAdmin\system\CodeIgniter.php(931): App\Controllers\Admin->Ubah('images', 'logo_white.png')
#6 C:\xampp\htdocs\AcaaraAdmin\system\CodeIgniter.php(439): CodeIgniter\CodeIgniter->runController(Object(App\Controllers\Admin))
#7 C:\xampp\htdocs\AcaaraAdmin\system\CodeIgniter.php(339): CodeIgniter\CodeIgniter->handleRequest(NULL, Object(Config\Cache), false)
#8 C:\xampp\htdocs\AcaaraAdmin\index.php(36): CodeIgniter\CodeIgniter->run()
#9 {main}
CRITICAL - 2021-05-29 13:03:22 --> Trying to access array offset on value of type null
#0 C:\xampp\htdocs\AcaaraAdmin\app\Views\Admin\Edit.php(12): CodeIgniter\Debug\Exceptions->errorHandler(8, 'Trying to acces...', 'C:\\xampp\\htdocs...', 12, Array)
#1 C:\xampp\htdocs\AcaaraAdmin\system\View\View.php(230): include('C:\\xampp\\htdocs...')
#2 C:\xampp\htdocs\AcaaraAdmin\system\View\View.php(232): CodeIgniter\View\View->CodeIgniter\View\{closure}()
#3 C:\xampp\htdocs\AcaaraAdmin\system\Common.php(1250): CodeIgniter\View\View->render('Admin/Edit', Array, true)
#4 C:\xampp\htdocs\AcaaraAdmin\app\Controllers\Admin.php(156): view('Admin/Edit', Array)
#5 C:\xampp\htdocs\AcaaraAdmin\system\CodeIgniter.php(931): App\Controllers\Admin->Ubah('images', 'logo_white.png')
#6 C:\xampp\htdocs\AcaaraAdmin\system\CodeIgniter.php(439): CodeIgniter\CodeIgniter->runController(Object(App\Controllers\Admin))
#7 C:\xampp\htdocs\AcaaraAdmin\system\CodeIgniter.php(339): CodeIgniter\CodeIgniter->handleRequest(NULL, Object(Config\Cache), false)
#8 C:\xampp\htdocs\AcaaraAdmin\index.php(36): CodeIgniter\CodeIgniter->run()
#9 {main}
CRITICAL - 2021-05-29 13:14:27 --> Trying to access array offset on value of type null
#0 C:\xampp\htdocs\AcaaraAdmin\app\Views\Admin\Edit.php(12): CodeIgniter\Debug\Exceptions->errorHandler(8, 'Trying to acces...', 'C:\\xampp\\htdocs...', 12, Array)
#1 C:\xampp\htdocs\AcaaraAdmin\system\View\View.php(230): include('C:\\xampp\\htdocs...')
#2 C:\xampp\htdocs\AcaaraAdmin\system\View\View.php(232): CodeIgniter\View\View->CodeIgniter\View\{closure}()
#3 C:\xampp\htdocs\AcaaraAdmin\system\Common.php(1250): CodeIgniter\View\View->render('Admin/Edit', Array, true)
#4 C:\xampp\htdocs\AcaaraAdmin\app\Controllers\Admin.php(156): view('Admin/Edit', Array)
#5 C:\xampp\htdocs\AcaaraAdmin\system\CodeIgniter.php(931): App\Controllers\Admin->Ubah('images', 'logo_white.png')
#6 C:\xampp\htdocs\AcaaraAdmin\system\CodeIgniter.php(439): CodeIgniter\CodeIgniter->runController(Object(App\Controllers\Admin))
#7 C:\xampp\htdocs\AcaaraAdmin\system\CodeIgniter.php(339): CodeIgniter\CodeIgniter->handleRequest(NULL, Object(Config\Cache), false)
#8 C:\xampp\htdocs\AcaaraAdmin\index.php(36): CodeIgniter\CodeIgniter->run()
#9 {main}
CRITICAL - 2021-05-29 13:17:25 --> Trying to access array offset on value of type null
#0 C:\xampp\htdocs\AcaaraAdmin\app\Views\Admin\Edit.php(12): CodeIgniter\Debug\Exceptions->errorHandler(8, 'Trying to acces...', 'C:\\xampp\\htdocs...', 12, Array)
#1 C:\xampp\htdocs\AcaaraAdmin\system\View\View.php(230): include('C:\\xampp\\htdocs...')
#2 C:\xampp\htdocs\AcaaraAdmin\system\View\View.php(232): CodeIgniter\View\View->CodeIgniter\View\{closure}()
#3 C:\xampp\htdocs\AcaaraAdmin\system\Common.php(1250): CodeIgniter\View\View->render('Admin/Edit', Array, true)
#4 C:\xampp\htdocs\AcaaraAdmin\app\Controllers\Admin.php(156): view('Admin/Edit', Array)
#5 C:\xampp\htdocs\AcaaraAdmin\system\CodeIgniter.php(931): App\Controllers\Admin->Ubah('images', 'logo_white.png')
#6 C:\xampp\htdocs\AcaaraAdmin\system\CodeIgniter.php(439): CodeIgniter\CodeIgniter->runController(Object(App\Controllers\Admin))
#7 C:\xampp\htdocs\AcaaraAdmin\system\CodeIgniter.php(339): CodeIgniter\CodeIgniter->handleRequest(NULL, Object(Config\Cache), false)
#8 C:\xampp\htdocs\AcaaraAdmin\index.php(36): CodeIgniter\CodeIgniter->run()
#9 {main}
CRITICAL - 2021-05-29 13:18:09 --> Trying to access array offset on value of type null
#0 C:\xampp\htdocs\AcaaraAdmin\app\Views\Admin\Edit.php(12): CodeIgniter\Debug\Exceptions->errorHandler(8, 'Trying to acces...', 'C:\\xampp\\htdocs...', 12, Array)
#1 C:\xampp\htdocs\AcaaraAdmin\system\View\View.php(230): include('C:\\xampp\\htdocs...')
#2 C:\xampp\htdocs\AcaaraAdmin\system\View\View.php(232): CodeIgniter\View\View->CodeIgniter\View\{closure}()
#3 C:\xampp\htdocs\AcaaraAdmin\system\Common.php(1250): CodeIgniter\View\View->render('Admin/Edit', Array, true)
#4 C:\xampp\htdocs\AcaaraAdmin\app\Controllers\Admin.php(156): view('Admin/Edit', Array)
#5 C:\xampp\htdocs\AcaaraAdmin\system\CodeIgniter.php(931): App\Controllers\Admin->Ubah('images', 'logo_white.png')
#6 C:\xampp\htdocs\AcaaraAdmin\system\CodeIgniter.php(439): CodeIgniter\CodeIgniter->runController(Object(App\Controllers\Admin))
#7 C:\xampp\htdocs\AcaaraAdmin\system\CodeIgniter.php(339): CodeIgniter\CodeIgniter->handleRequest(NULL, Object(Config\Cache), false)
#8 C:\xampp\htdocs\AcaaraAdmin\index.php(36): CodeIgniter\CodeIgniter->run()
#9 {main}
CRITICAL - 2021-05-29 13:18:10 --> Trying to access array offset on value of type null
#0 C:\xampp\htdocs\AcaaraAdmin\app\Views\Admin\Edit.php(12): CodeIgniter\Debug\Exceptions->errorHandler(8, 'Trying to acces...', 'C:\\xampp\\htdocs...', 12, Array)
#1 C:\xampp\htdocs\AcaaraAdmin\system\View\View.php(230): include('C:\\xampp\\htdocs...')
#2 C:\xampp\htdocs\AcaaraAdmin\system\View\View.php(232): CodeIgniter\View\View->CodeIgniter\View\{closure}()
#3 C:\xampp\htdocs\AcaaraAdmin\system\Common.php(1250): CodeIgniter\View\View->render('Admin/Edit', Array, true)
#4 C:\xampp\htdocs\AcaaraAdmin\app\Controllers\Admin.php(156): view('Admin/Edit', Array)
#5 C:\xampp\htdocs\AcaaraAdmin\system\CodeIgniter.php(931): App\Controllers\Admin->Ubah('images', 'logo_white.png')
#6 C:\xampp\htdocs\AcaaraAdmin\system\CodeIgniter.php(439): CodeIgniter\CodeIgniter->runController(Object(App\Controllers\Admin))
#7 C:\xampp\htdocs\AcaaraAdmin\system\CodeIgniter.php(339): CodeIgniter\CodeIgniter->handleRequest(NULL, Object(Config\Cache), false)
#8 C:\xampp\htdocs\AcaaraAdmin\index.php(36): CodeIgniter\CodeIgniter->run()
#9 {main}
